<?xml version="1.0" encoding="UTF-8"?>
<!-- Generated by org.testng.reporters.JUnitXMLReporter -->
<testsuite ignored="0" hostname="DESKTOP-HPG8DBN" failures="0" tests="19" name="PetTest" time="31.006" errors="0" timestamp="2024-11-18T11:38:10 IST">
  <testcase classname="api.test.UserTest" name="testPostUser" time="4.637"/>
  <testcase classname="api.test.UserTest" name="testGetUserByName" time="1.257"/>
  <testcase classname="api.test.UserTest" name="testUpdateUserByName" time="2.419"/>
  <testcase classname="api.test.UserTest" name="testDeleteUserByName" time="1.093"/>
  <testcase classname="api.test.DDT_Test" name="testPostUser" time="1.129"/>
  <testcase classname="api.test.DDT_Test" name="testPostUser" time="1.193"/>
  <testcase classname="api.test.DDT_Test" name="testPostUser" time="1.183"/>
  <testcase classname="api.test.DDT_Test" name="testPostUser" time="1.24"/>
  <testcase classname="api.test.DDT_Test" name="testPostUser" time="1.182"/>
  <testcase classname="api.test.DDT_Test" name="testGetUser" time="1.206"/>
  <testcase classname="api.test.DDT_Test" name="testGetUser" time="1.127"/>
  <testcase classname="api.test.DDT_Test" name="testGetUser" time="1.13"/>
  <testcase classname="api.test.DDT_Test" name="testGetUser" time="1.217"/>
  <testcase classname="api.test.DDT_Test" name="testGetUser" time="1.186"/>
  <testcase classname="api.test.DDT_Test" name="testDeleteUser" time="1.158"/>
  <testcase classname="api.test.DDT_Test" name="testDeleteUser" time="1.227"/>
  <testcase classname="api.test.DDT_Test" name="testDeleteUser" time="1.174"/>
  <testcase classname="api.test.DDT_Test" name="testDeleteUser" time="1.119"/>
  <testcase classname="api.test.DDT_Test" name="testDeleteUser" time="1.123"/>
</testsuite> <!-- PetTest -->
