<?xml version="1.0" encoding="UTF-8"?>
<!-- Generated by org.testng.reporters.JUnitXMLReporter -->
<testsuite ignored="0" hostname="DESKTOP-HPG8DBN" failures="0" tests="23" name="PetTest" time="37.339" errors="0" timestamp="2024-11-18T15:43:11 IST">
  <testcase classname="api.test.UserTest" name="testPostUser" time="4.494"/>
  <testcase classname="api.test.UserTest" name="testGetUserByName" time="1.282"/>
  <testcase classname="api.test.UserTest" name="testUpdateUserByName" time="2.448"/>
  <testcase classname="api.test.UserTest" name="testDeleteUserByName" time="1.15"/>
  <testcase classname="api.test.UserTest2" name="testPostUser" time="1.129"/>
  <testcase classname="api.test.UserTest2" name="testGetUserByName" time="1.159"/>
  <testcase classname="api.test.UserTest2" name="testUpdateUserByName" time="2.348"/>
  <testcase classname="api.test.UserTest2" name="testDeleteUserByName" time="1.157"/>
  <testcase classname="api.test.DDT_Test" name="testPostUser" time="1.134"/>
  <testcase classname="api.test.DDT_Test" name="testPostUser" time="1.13"/>
  <testcase classname="api.test.DDT_Test" name="testPostUser" time="1.175"/>
  <testcase classname="api.test.DDT_Test" name="testPostUser" time="1.144"/>
  <testcase classname="api.test.DDT_Test" name="testPostUser" time="1.117"/>
  <testcase classname="api.test.DDT_Test" name="testGetUser" time="1.154"/>
  <testcase classname="api.test.DDT_Test" name="testGetUser" time="1.13"/>
  <testcase classname="api.test.DDT_Test" name="testGetUser" time="1.204"/>
  <testcase classname="api.test.DDT_Test" name="testGetUser" time="1.103"/>
  <testcase classname="api.test.DDT_Test" name="testGetUser" time="1.219"/>
  <testcase classname="api.test.DDT_Test" name="testDeleteUser" time="1.165"/>
  <testcase classname="api.test.DDT_Test" name="testDeleteUser" time="1.181"/>
  <testcase classname="api.test.DDT_Test" name="testDeleteUser" time="1.147"/>
  <testcase classname="api.test.DDT_Test" name="testDeleteUser" time="1.195"/>
  <testcase classname="api.test.DDT_Test" name="testDeleteUser" time="1.222"/>
</testsuite> <!-- PetTest -->
