<?xml version="1.0" encoding="UTF-8"?>
<!-- Generated by org.testng.reporters.JUnitXMLReporter -->
<testsuite ignored="0" hostname="DESKTOP-HPG8DBN" failures="0" tests="19" name="Surefire test" time="33.361" errors="0" timestamp="2024-11-18T15:19:48 IST">
  <testcase classname="api.test.DDT_Test" name="testPostUser" time="4.644"/>
  <testcase classname="api.test.DDT_Test" name="testPostUser" time="1.226"/>
  <testcase classname="api.test.DDT_Test" name="testPostUser" time="1.188"/>
  <testcase classname="api.test.DDT_Test" name="testPostUser" time="1.15"/>
  <testcase classname="api.test.DDT_Test" name="testPostUser" time="1.213"/>
  <testcase classname="api.test.DDT_Test" name="testGetUser" time="1.276"/>
  <testcase classname="api.test.DDT_Test" name="testGetUser" time="1.252"/>
  <testcase classname="api.test.DDT_Test" name="testGetUser" time="1.238"/>
  <testcase classname="api.test.DDT_Test" name="testGetUser" time="1.145"/>
  <testcase classname="api.test.DDT_Test" name="testGetUser" time="1.261"/>
  <testcase classname="api.test.DDT_Test" name="testDeleteUser" time="1.144"/>
  <testcase classname="api.test.DDT_Test" name="testDeleteUser" time="1.159"/>
  <testcase classname="api.test.DDT_Test" name="testDeleteUser" time="1.171"/>
  <testcase classname="api.test.DDT_Test" name="testDeleteUser" time="1.181"/>
  <testcase classname="api.test.DDT_Test" name="testDeleteUser" time="1.199"/>
  <testcase classname="api.test.UserTest" name="testPostUser" time="1.219"/>
  <testcase classname="api.test.UserTest" name="testGetUserByName" time="1.31"/>
  <testcase classname="api.test.UserTest" name="testUpdateUserByName" time="3.298"/>
  <testcase classname="api.test.UserTest" name="testDeleteUserByName" time="1.177"/>
</testsuite> <!-- Surefire test -->
