<?xml version="1.0" encoding="UTF-8"?>
<!-- Generated by org.testng.reporters.JUnitXMLReporter -->
<testsuite ignored="0" hostname="DESKTOP-HPG8DBN" failures="0" tests="4" name="Default test" time="11.581" errors="0" timestamp="2024-11-17T12:13:14 IST">
  <testcase classname="api.test.UserTest" name="testPostUser" time="6.339"/>
  <testcase classname="api.test.UserTest" name="testGetUserByName" time="1.213"/>
  <testcase classname="api.test.UserTest" name="testUpdateUserByName" time="2.342"/>
  <testcase classname="api.test.UserTest" name="testDeleteUserByName" time="1.221"/>
</testsuite> <!-- Default test -->
