<?xml version="1.0" encoding="UTF-8"?>
<!-- Generated by org.testng.reporters.JUnitXMLReporter -->
<testsuite ignored="0" hostname="DESKTOP-HPG8DBN" failures="0" tests="15" name="Default test" time="69.682" errors="0" timestamp="2024-11-18T10:01:56 IST">
  <testcase classname="api.test.DDT_Test" name="testPostUser" time="25.688"/>
  <testcase classname="api.test.DDT_Test" name="testPostUser" time="22.254"/>
  <testcase classname="api.test.DDT_Test" name="testPostUser" time="1.257"/>
  <testcase classname="api.test.DDT_Test" name="testPostUser" time="1.297"/>
  <testcase classname="api.test.DDT_Test" name="testPostUser" time="1.219"/>
  <testcase classname="api.test.DDT_Test" name="testGetUser" time="1.335"/>
  <testcase classname="api.test.DDT_Test" name="testGetUser" time="1.227"/>
  <testcase classname="api.test.DDT_Test" name="testGetUser" time="1.193"/>
  <testcase classname="api.test.DDT_Test" name="testGetUser" time="1.347"/>
  <testcase classname="api.test.DDT_Test" name="testGetUser" time="1.171"/>
  <testcase classname="api.test.DDT_Test" name="testDeleteUser" time="1.226"/>
  <testcase classname="api.test.DDT_Test" name="testDeleteUser" time="1.125"/>
  <testcase classname="api.test.DDT_Test" name="testDeleteUser" time="1.138"/>
  <testcase classname="api.test.DDT_Test" name="testDeleteUser" time="1.118"/>
  <testcase classname="api.test.DDT_Test" name="testDeleteUser" time="1.22"/>
</testsuite> <!-- Default test -->
