<?xml version="1.0" encoding="UTF-8"?>
<testng-results ignored="0" total="23" passed="23" failed="0" skipped="0">
  <reporter-output>
  </reporter-output>
  <suite started-at="2024-11-18T20:25:44 IST" name="PetSuit" finished-at="2024-11-18T20:26:21 IST" duration-ms="37560">
    <groups>
    </groups>
    <test started-at="2024-11-18T20:25:44 IST" name="PetTest" finished-at="2024-11-18T20:26:21 IST" duration-ms="37560">
      <class name="api.test.UserTest">
        <test-method is-config="true" signature="setup()[pri:0, instance:api.test.UserTest@1d2adfbe]" started-at="2024-11-18T20:25:44 IST" name="setup" finished-at="2024-11-18T20:25:46 IST" duration-ms="1327" status="PASS">
          <reporter-output>
          </reporter-output>
        </test-method> <!-- setup -->
        <test-method signature="testPostUser()[pri:1, instance:api.test.UserTest@1d2adfbe]" started-at="2024-11-18T20:25:46 IST" name="testPostUser" finished-at="2024-11-18T20:25:51 IST" duration-ms="4951" status="PASS">
          <reporter-output>
          </reporter-output>
        </test-method> <!-- testPostUser -->
        <test-method signature="testGetUserByName()[pri:2, instance:api.test.UserTest@1d2adfbe]" started-at="2024-11-18T20:25:51 IST" name="testGetUserByName" finished-at="2024-11-18T20:25:52 IST" duration-ms="1252" status="PASS">
          <reporter-output>
          </reporter-output>
        </test-method> <!-- testGetUserByName -->
        <test-method signature="testUpdateUserByName()[pri:3, instance:api.test.UserTest@1d2adfbe]" started-at="2024-11-18T20:25:52 IST" name="testUpdateUserByName" finished-at="2024-11-18T20:25:54 IST" duration-ms="2358" status="PASS">
          <reporter-output>
          </reporter-output>
        </test-method> <!-- testUpdateUserByName -->
        <test-method signature="testDeleteUserByName()[pri:4, instance:api.test.UserTest@1d2adfbe]" started-at="2024-11-18T20:25:54 IST" name="testDeleteUserByName" finished-at="2024-11-18T20:25:55 IST" duration-ms="1117" status="PASS">
          <reporter-output>
          </reporter-output>
        </test-method> <!-- testDeleteUserByName -->
      </class> <!-- api.test.UserTest -->
      <class name="api.test.DDT_Test">
        <test-method signature="testPostUser(java.lang.String,java.lang.String,java.lang.String,java.lang.String,java.lang.String,java.lang.String,java.lang.String)[pri:1, instance:api.test.DDT_Test@10e31a9a]" started-at="2024-11-18T20:26:03 IST" name="testPostUser" data-provider="Data" finished-at="2024-11-18T20:26:05 IST" duration-ms="1209" status="PASS">
          <params>
            <param index="0">
              <value>
                <![CDATA[101]]>
              </value>
            </param>
            <param index="1">
              <value>
                <![CDATA[john_doe]]>
              </value>
            </param>
            <param index="2">
              <value>
                <![CDATA[John]]>
              </value>
            </param>
            <param index="3">
              <value>
                <![CDATA[Doe]]>
              </value>
            </param>
            <param index="4">
              <value>
                <![CDATA[john.doe@example.com]]>
              </value>
            </param>
            <param index="5">
              <value>
                <![CDATA[password123]]>
              </value>
            </param>
            <param index="6">
              <value>
                <![CDATA[123-456-7890]]>
              </value>
            </param>
          </params>
          <reporter-output>
          </reporter-output>
        </test-method> <!-- testPostUser -->
        <test-method signature="testPostUser(java.lang.String,java.lang.String,java.lang.String,java.lang.String,java.lang.String,java.lang.String,java.lang.String)[pri:1, instance:api.test.DDT_Test@10e31a9a]" started-at="2024-11-18T20:26:05 IST" name="testPostUser" data-provider="Data" finished-at="2024-11-18T20:26:06 IST" duration-ms="1147" status="PASS">
          <params>
            <param index="0">
              <value>
                <![CDATA[102]]>
              </value>
            </param>
            <param index="1">
              <value>
                <![CDATA[jane_smith]]>
              </value>
            </param>
            <param index="2">
              <value>
                <![CDATA[Jane]]>
              </value>
            </param>
            <param index="3">
              <value>
                <![CDATA[Smith]]>
              </value>
            </param>
            <param index="4">
              <value>
                <![CDATA[jane.smith@example.com]]>
              </value>
            </param>
            <param index="5">
              <value>
                <![CDATA[securePass!]]>
              </value>
            </param>
            <param index="6">
              <value>
                <![CDATA[234-567-8901]]>
              </value>
            </param>
          </params>
          <reporter-output>
          </reporter-output>
        </test-method> <!-- testPostUser -->
        <test-method signature="testPostUser(java.lang.String,java.lang.String,java.lang.String,java.lang.String,java.lang.String,java.lang.String,java.lang.String)[pri:1, instance:api.test.DDT_Test@10e31a9a]" started-at="2024-11-18T20:26:06 IST" name="testPostUser" data-provider="Data" finished-at="2024-11-18T20:26:07 IST" duration-ms="1247" status="PASS">
          <params>
            <param index="0">
              <value>
                <![CDATA[103]]>
              </value>
            </param>
            <param index="1">
              <value>
                <![CDATA[alex_brown]]>
              </value>
            </param>
            <param index="2">
              <value>
                <![CDATA[Alex]]>
              </value>
            </param>
            <param index="3">
              <value>
                <![CDATA[Brown]]>
              </value>
            </param>
            <param index="4">
              <value>
                <![CDATA[alex.brown@example.com]]>
              </value>
            </param>
            <param index="5">
              <value>
                <![CDATA[alex@2023]]>
              </value>
            </param>
            <param index="6">
              <value>
                <![CDATA[345-678-9012]]>
              </value>
            </param>
          </params>
          <reporter-output>
          </reporter-output>
        </test-method> <!-- testPostUser -->
        <test-method signature="testPostUser(java.lang.String,java.lang.String,java.lang.String,java.lang.String,java.lang.String,java.lang.String,java.lang.String)[pri:1, instance:api.test.DDT_Test@10e31a9a]" started-at="2024-11-18T20:26:07 IST" name="testPostUser" data-provider="Data" finished-at="2024-11-18T20:26:08 IST" duration-ms="1327" status="PASS">
          <params>
            <param index="0">
              <value>
                <![CDATA[104]]>
              </value>
            </param>
            <param index="1">
              <value>
                <![CDATA[lisa_white]]>
              </value>
            </param>
            <param index="2">
              <value>
                <![CDATA[Lisa]]>
              </value>
            </param>
            <param index="3">
              <value>
                <![CDATA[White]]>
              </value>
            </param>
            <param index="4">
              <value>
                <![CDATA[lisa.white@example.com]]>
              </value>
            </param>
            <param index="5">
              <value>
                <![CDATA[lisa#pass]]>
              </value>
            </param>
            <param index="6">
              <value>
                <![CDATA[456-789-0123]]>
              </value>
            </param>
          </params>
          <reporter-output>
          </reporter-output>
        </test-method> <!-- testPostUser -->
        <test-method signature="testPostUser(java.lang.String,java.lang.String,java.lang.String,java.lang.String,java.lang.String,java.lang.String,java.lang.String)[pri:1, instance:api.test.DDT_Test@10e31a9a]" started-at="2024-11-18T20:26:08 IST" name="testPostUser" data-provider="Data" finished-at="2024-11-18T20:26:10 IST" duration-ms="1170" status="PASS">
          <params>
            <param index="0">
              <value>
                <![CDATA[105]]>
              </value>
            </param>
            <param index="1">
              <value>
                <![CDATA[mark_black]]>
              </value>
            </param>
            <param index="2">
              <value>
                <![CDATA[Mark]]>
              </value>
            </param>
            <param index="3">
              <value>
                <![CDATA[Black]]>
              </value>
            </param>
            <param index="4">
              <value>
                <![CDATA[mark.black@example.com]]>
              </value>
            </param>
            <param index="5">
              <value>
                <![CDATA[mark_black12]]>
              </value>
            </param>
            <param index="6">
              <value>
                <![CDATA[567-890-1234]]>
              </value>
            </param>
          </params>
          <reporter-output>
          </reporter-output>
        </test-method> <!-- testPostUser -->
        <test-method signature="testGetUser(java.lang.String)[pri:2, instance:api.test.DDT_Test@10e31a9a]" started-at="2024-11-18T20:26:10 IST" name="testGetUser" data-provider="UserNames" finished-at="2024-11-18T20:26:11 IST" duration-ms="1121" status="PASS">
          <params>
            <param index="0">
              <value>
                <![CDATA[john_doe]]>
              </value>
            </param>
          </params>
          <reporter-output>
          </reporter-output>
        </test-method> <!-- testGetUser -->
        <test-method signature="testGetUser(java.lang.String)[pri:2, instance:api.test.DDT_Test@10e31a9a]" started-at="2024-11-18T20:26:11 IST" name="testGetUser" data-provider="UserNames" finished-at="2024-11-18T20:26:12 IST" duration-ms="1206" status="PASS">
          <params>
            <param index="0">
              <value>
                <![CDATA[jane_smith]]>
              </value>
            </param>
          </params>
          <reporter-output>
          </reporter-output>
        </test-method> <!-- testGetUser -->
        <test-method signature="testGetUser(java.lang.String)[pri:2, instance:api.test.DDT_Test@10e31a9a]" started-at="2024-11-18T20:26:12 IST" name="testGetUser" data-provider="UserNames" finished-at="2024-11-18T20:26:13 IST" duration-ms="1167" status="PASS">
          <params>
            <param index="0">
              <value>
                <![CDATA[alex_brown]]>
              </value>
            </param>
          </params>
          <reporter-output>
          </reporter-output>
        </test-method> <!-- testGetUser -->
        <test-method signature="testGetUser(java.lang.String)[pri:2, instance:api.test.DDT_Test@10e31a9a]" started-at="2024-11-18T20:26:13 IST" name="testGetUser" data-provider="UserNames" finished-at="2024-11-18T20:26:14 IST" duration-ms="1130" status="PASS">
          <params>
            <param index="0">
              <value>
                <![CDATA[lisa_white]]>
              </value>
            </param>
          </params>
          <reporter-output>
          </reporter-output>
        </test-method> <!-- testGetUser -->
        <test-method signature="testGetUser(java.lang.String)[pri:2, instance:api.test.DDT_Test@10e31a9a]" started-at="2024-11-18T20:26:14 IST" name="testGetUser" data-provider="UserNames" finished-at="2024-11-18T20:26:15 IST" duration-ms="1146" status="PASS">
          <params>
            <param index="0">
              <value>
                <![CDATA[mark_black]]>
              </value>
            </param>
          </params>
          <reporter-output>
          </reporter-output>
        </test-method> <!-- testGetUser -->
        <test-method signature="testDeleteUser(java.lang.String)[pri:3, instance:api.test.DDT_Test@10e31a9a]" started-at="2024-11-18T20:26:16 IST" name="testDeleteUser" data-provider="UserNames" finished-at="2024-11-18T20:26:17 IST" duration-ms="1162" status="PASS">
          <params>
            <param index="0">
              <value>
                <![CDATA[john_doe]]>
              </value>
            </param>
          </params>
          <reporter-output>
          </reporter-output>
        </test-method> <!-- testDeleteUser -->
        <test-method signature="testDeleteUser(java.lang.String)[pri:3, instance:api.test.DDT_Test@10e31a9a]" started-at="2024-11-18T20:26:17 IST" name="testDeleteUser" data-provider="UserNames" finished-at="2024-11-18T20:26:18 IST" duration-ms="1128" status="PASS">
          <params>
            <param index="0">
              <value>
                <![CDATA[jane_smith]]>
              </value>
            </param>
          </params>
          <reporter-output>
          </reporter-output>
        </test-method> <!-- testDeleteUser -->
        <test-method signature="testDeleteUser(java.lang.String)[pri:3, instance:api.test.DDT_Test@10e31a9a]" started-at="2024-11-18T20:26:18 IST" name="testDeleteUser" data-provider="UserNames" finished-at="2024-11-18T20:26:19 IST" duration-ms="1125" status="PASS">
          <params>
            <param index="0">
              <value>
                <![CDATA[alex_brown]]>
              </value>
            </param>
          </params>
          <reporter-output>
          </reporter-output>
        </test-method> <!-- testDeleteUser -->
        <test-method signature="testDeleteUser(java.lang.String)[pri:3, instance:api.test.DDT_Test@10e31a9a]" started-at="2024-11-18T20:26:19 IST" name="testDeleteUser" data-provider="UserNames" finished-at="2024-11-18T20:26:20 IST" duration-ms="1201" status="PASS">
          <params>
            <param index="0">
              <value>
                <![CDATA[lisa_white]]>
              </value>
            </param>
          </params>
          <reporter-output>
          </reporter-output>
        </test-method> <!-- testDeleteUser -->
        <test-method signature="testDeleteUser(java.lang.String)[pri:3, instance:api.test.DDT_Test@10e31a9a]" started-at="2024-11-18T20:26:20 IST" name="testDeleteUser" data-provider="UserNames" finished-at="2024-11-18T20:26:21 IST" duration-ms="1162" status="PASS">
          <params>
            <param index="0">
              <value>
                <![CDATA[mark_black]]>
              </value>
            </param>
          </params>
          <reporter-output>
          </reporter-output>
        </test-method> <!-- testDeleteUser -->
      </class> <!-- api.test.DDT_Test -->
      <class name="api.test.UserTest2">
        <test-method is-config="true" signature="setup()[pri:0, instance:api.test.UserTest2@3febb011]" started-at="2024-11-18T20:25:55 IST" name="setup" finished-at="2024-11-18T20:25:55 IST" duration-ms="72" status="PASS">
          <reporter-output>
          </reporter-output>
        </test-method> <!-- setup -->
        <test-method signature="testPostUser()[pri:1, instance:api.test.UserTest2@3febb011]" started-at="2024-11-18T20:25:55 IST" name="testPostUser" finished-at="2024-11-18T20:25:57 IST" duration-ms="1119" status="PASS">
          <reporter-output>
          </reporter-output>
        </test-method> <!-- testPostUser -->
        <test-method signature="testGetUserByName()[pri:2, instance:api.test.UserTest2@3febb011]" started-at="2024-11-18T20:25:57 IST" name="testGetUserByName" finished-at="2024-11-18T20:25:58 IST" duration-ms="1200" status="PASS">
          <reporter-output>
          </reporter-output>
        </test-method> <!-- testGetUserByName -->
        <test-method signature="testUpdateUserByName()[pri:3, instance:api.test.UserTest2@3febb011]" started-at="2024-11-18T20:25:58 IST" name="testUpdateUserByName" finished-at="2024-11-18T20:26:00 IST" duration-ms="2333" status="PASS">
          <reporter-output>
          </reporter-output>
        </test-method> <!-- testUpdateUserByName -->
        <test-method signature="testDeleteUserByName()[pri:4, instance:api.test.UserTest2@3febb011]" started-at="2024-11-18T20:26:00 IST" name="testDeleteUserByName" finished-at="2024-11-18T20:26:01 IST" duration-ms="1102" status="PASS">
          <reporter-output>
          </reporter-output>
        </test-method> <!-- testDeleteUserByName -->
      </class> <!-- api.test.UserTest2 -->
    </test> <!-- PetTest -->
  </suite> <!-- PetSuit -->
</testng-results>
