<?xml version="1.0" encoding="UTF-8"?>
<testng-results ignored="0" total="23" passed="23" failed="0" skipped="0">
  <reporter-output>
  </reporter-output>
  <suite started-at="2024-11-18T16:21:43 IST" name="PetSuit" finished-at="2024-11-18T16:22:22 IST" duration-ms="38443">
    <groups>
    </groups>
    <test started-at="2024-11-18T16:21:43 IST" name="PetTest" finished-at="2024-11-18T16:22:22 IST" duration-ms="38443">
      <class name="api.test.UserTest">
        <test-method is-config="true" signature="setup()[pri:0, instance:api.test.UserTest@1d2adfbe]" started-at="2024-11-18T16:21:44 IST" name="setup" finished-at="2024-11-18T16:21:46 IST" duration-ms="1586" status="PASS">
          <reporter-output>
          </reporter-output>
        </test-method> <!-- setup -->
        <test-method signature="testPostUser()[pri:1, instance:api.test.UserTest@1d2adfbe]" started-at="2024-11-18T16:21:46 IST" name="testPostUser" finished-at="2024-11-18T16:21:51 IST" duration-ms="4978" status="PASS">
          <reporter-output>
          </reporter-output>
        </test-method> <!-- testPostUser -->
        <test-method signature="testGetUserByName()[pri:2, instance:api.test.UserTest@1d2adfbe]" started-at="2024-11-18T16:21:51 IST" name="testGetUserByName" finished-at="2024-11-18T16:21:52 IST" duration-ms="1182" status="PASS">
          <reporter-output>
          </reporter-output>
        </test-method> <!-- testGetUserByName -->
        <test-method signature="testUpdateUserByName()[pri:3, instance:api.test.UserTest@1d2adfbe]" started-at="2024-11-18T16:21:52 IST" name="testUpdateUserByName" finished-at="2024-11-18T16:21:54 IST" duration-ms="2241" status="PASS">
          <reporter-output>
          </reporter-output>
        </test-method> <!-- testUpdateUserByName -->
        <test-method signature="testDeleteUserByName()[pri:4, instance:api.test.UserTest@1d2adfbe]" started-at="2024-11-18T16:21:54 IST" name="testDeleteUserByName" finished-at="2024-11-18T16:21:55 IST" duration-ms="1326" status="PASS">
          <reporter-output>
          </reporter-output>
        </test-method> <!-- testDeleteUserByName -->
      </class> <!-- api.test.UserTest -->
      <class name="api.test.DDT_Test">
        <test-method signature="testPostUser(java.lang.String,java.lang.String,java.lang.String,java.lang.String,java.lang.String,java.lang.String,java.lang.String)[pri:1, instance:api.test.DDT_Test@10e31a9a]" started-at="2024-11-18T16:22:04 IST" name="testPostUser" data-provider="Data" finished-at="2024-11-18T16:22:05 IST" duration-ms="1159" status="PASS">
          <params>
            <param index="0">
              <value>
                <![CDATA[101]]>
              </value>
            </param>
            <param index="1">
              <value>
                <![CDATA[john_doe]]>
              </value>
            </param>
            <param index="2">
              <value>
                <![CDATA[John]]>
              </value>
            </param>
            <param index="3">
              <value>
                <![CDATA[Doe]]>
              </value>
            </param>
            <param index="4">
              <value>
                <![CDATA[john.doe@example.com]]>
              </value>
            </param>
            <param index="5">
              <value>
                <![CDATA[password123]]>
              </value>
            </param>
            <param index="6">
              <value>
                <![CDATA[123-456-7890]]>
              </value>
            </param>
          </params>
          <reporter-output>
          </reporter-output>
        </test-method> <!-- testPostUser -->
        <test-method signature="testPostUser(java.lang.String,java.lang.String,java.lang.String,java.lang.String,java.lang.String,java.lang.String,java.lang.String)[pri:1, instance:api.test.DDT_Test@10e31a9a]" started-at="2024-11-18T16:22:05 IST" name="testPostUser" data-provider="Data" finished-at="2024-11-18T16:22:06 IST" duration-ms="1192" status="PASS">
          <params>
            <param index="0">
              <value>
                <![CDATA[102]]>
              </value>
            </param>
            <param index="1">
              <value>
                <![CDATA[jane_smith]]>
              </value>
            </param>
            <param index="2">
              <value>
                <![CDATA[Jane]]>
              </value>
            </param>
            <param index="3">
              <value>
                <![CDATA[Smith]]>
              </value>
            </param>
            <param index="4">
              <value>
                <![CDATA[jane.smith@example.com]]>
              </value>
            </param>
            <param index="5">
              <value>
                <![CDATA[securePass!]]>
              </value>
            </param>
            <param index="6">
              <value>
                <![CDATA[234-567-8901]]>
              </value>
            </param>
          </params>
          <reporter-output>
          </reporter-output>
        </test-method> <!-- testPostUser -->
        <test-method signature="testPostUser(java.lang.String,java.lang.String,java.lang.String,java.lang.String,java.lang.String,java.lang.String,java.lang.String)[pri:1, instance:api.test.DDT_Test@10e31a9a]" started-at="2024-11-18T16:22:06 IST" name="testPostUser" data-provider="Data" finished-at="2024-11-18T16:22:07 IST" duration-ms="1137" status="PASS">
          <params>
            <param index="0">
              <value>
                <![CDATA[103]]>
              </value>
            </param>
            <param index="1">
              <value>
                <![CDATA[alex_brown]]>
              </value>
            </param>
            <param index="2">
              <value>
                <![CDATA[Alex]]>
              </value>
            </param>
            <param index="3">
              <value>
                <![CDATA[Brown]]>
              </value>
            </param>
            <param index="4">
              <value>
                <![CDATA[alex.brown@example.com]]>
              </value>
            </param>
            <param index="5">
              <value>
                <![CDATA[alex@2023]]>
              </value>
            </param>
            <param index="6">
              <value>
                <![CDATA[345-678-9012]]>
              </value>
            </param>
          </params>
          <reporter-output>
          </reporter-output>
        </test-method> <!-- testPostUser -->
        <test-method signature="testPostUser(java.lang.String,java.lang.String,java.lang.String,java.lang.String,java.lang.String,java.lang.String,java.lang.String)[pri:1, instance:api.test.DDT_Test@10e31a9a]" started-at="2024-11-18T16:22:07 IST" name="testPostUser" data-provider="Data" finished-at="2024-11-18T16:22:08 IST" duration-ms="1141" status="PASS">
          <params>
            <param index="0">
              <value>
                <![CDATA[104]]>
              </value>
            </param>
            <param index="1">
              <value>
                <![CDATA[lisa_white]]>
              </value>
            </param>
            <param index="2">
              <value>
                <![CDATA[Lisa]]>
              </value>
            </param>
            <param index="3">
              <value>
                <![CDATA[White]]>
              </value>
            </param>
            <param index="4">
              <value>
                <![CDATA[lisa.white@example.com]]>
              </value>
            </param>
            <param index="5">
              <value>
                <![CDATA[lisa#pass]]>
              </value>
            </param>
            <param index="6">
              <value>
                <![CDATA[456-789-0123]]>
              </value>
            </param>
          </params>
          <reporter-output>
          </reporter-output>
        </test-method> <!-- testPostUser -->
        <test-method signature="testPostUser(java.lang.String,java.lang.String,java.lang.String,java.lang.String,java.lang.String,java.lang.String,java.lang.String)[pri:1, instance:api.test.DDT_Test@10e31a9a]" started-at="2024-11-18T16:22:08 IST" name="testPostUser" data-provider="Data" finished-at="2024-11-18T16:22:10 IST" duration-ms="1179" status="PASS">
          <params>
            <param index="0">
              <value>
                <![CDATA[105]]>
              </value>
            </param>
            <param index="1">
              <value>
                <![CDATA[mark_black]]>
              </value>
            </param>
            <param index="2">
              <value>
                <![CDATA[Mark]]>
              </value>
            </param>
            <param index="3">
              <value>
                <![CDATA[Black]]>
              </value>
            </param>
            <param index="4">
              <value>
                <![CDATA[mark.black@example.com]]>
              </value>
            </param>
            <param index="5">
              <value>
                <![CDATA[mark_black12]]>
              </value>
            </param>
            <param index="6">
              <value>
                <![CDATA[567-890-1234]]>
              </value>
            </param>
          </params>
          <reporter-output>
          </reporter-output>
        </test-method> <!-- testPostUser -->
        <test-method signature="testGetUser(java.lang.String)[pri:2, instance:api.test.DDT_Test@10e31a9a]" started-at="2024-11-18T16:22:10 IST" name="testGetUser" data-provider="UserNames" finished-at="2024-11-18T16:22:11 IST" duration-ms="1169" status="PASS">
          <params>
            <param index="0">
              <value>
                <![CDATA[john_doe]]>
              </value>
            </param>
          </params>
          <reporter-output>
          </reporter-output>
        </test-method> <!-- testGetUser -->
        <test-method signature="testGetUser(java.lang.String)[pri:2, instance:api.test.DDT_Test@10e31a9a]" started-at="2024-11-18T16:22:11 IST" name="testGetUser" data-provider="UserNames" finished-at="2024-11-18T16:22:12 IST" duration-ms="1247" status="PASS">
          <params>
            <param index="0">
              <value>
                <![CDATA[jane_smith]]>
              </value>
            </param>
          </params>
          <reporter-output>
          </reporter-output>
        </test-method> <!-- testGetUser -->
        <test-method signature="testGetUser(java.lang.String)[pri:2, instance:api.test.DDT_Test@10e31a9a]" started-at="2024-11-18T16:22:12 IST" name="testGetUser" data-provider="UserNames" finished-at="2024-11-18T16:22:13 IST" duration-ms="1137" status="PASS">
          <params>
            <param index="0">
              <value>
                <![CDATA[alex_brown]]>
              </value>
            </param>
          </params>
          <reporter-output>
          </reporter-output>
        </test-method> <!-- testGetUser -->
        <test-method signature="testGetUser(java.lang.String)[pri:2, instance:api.test.DDT_Test@10e31a9a]" started-at="2024-11-18T16:22:13 IST" name="testGetUser" data-provider="UserNames" finished-at="2024-11-18T16:22:15 IST" duration-ms="1154" status="PASS">
          <params>
            <param index="0">
              <value>
                <![CDATA[lisa_white]]>
              </value>
            </param>
          </params>
          <reporter-output>
          </reporter-output>
        </test-method> <!-- testGetUser -->
        <test-method signature="testGetUser(java.lang.String)[pri:2, instance:api.test.DDT_Test@10e31a9a]" started-at="2024-11-18T16:22:15 IST" name="testGetUser" data-provider="UserNames" finished-at="2024-11-18T16:22:16 IST" duration-ms="1219" status="PASS">
          <params>
            <param index="0">
              <value>
                <![CDATA[mark_black]]>
              </value>
            </param>
          </params>
          <reporter-output>
          </reporter-output>
        </test-method> <!-- testGetUser -->
        <test-method signature="testDeleteUser(java.lang.String)[pri:3, instance:api.test.DDT_Test@10e31a9a]" started-at="2024-11-18T16:22:16 IST" name="testDeleteUser" data-provider="UserNames" finished-at="2024-11-18T16:22:17 IST" duration-ms="1232" status="PASS">
          <params>
            <param index="0">
              <value>
                <![CDATA[john_doe]]>
              </value>
            </param>
          </params>
          <reporter-output>
          </reporter-output>
        </test-method> <!-- testDeleteUser -->
        <test-method signature="testDeleteUser(java.lang.String)[pri:3, instance:api.test.DDT_Test@10e31a9a]" started-at="2024-11-18T16:22:17 IST" name="testDeleteUser" data-provider="UserNames" finished-at="2024-11-18T16:22:18 IST" duration-ms="1142" status="PASS">
          <params>
            <param index="0">
              <value>
                <![CDATA[jane_smith]]>
              </value>
            </param>
          </params>
          <reporter-output>
          </reporter-output>
        </test-method> <!-- testDeleteUser -->
        <test-method signature="testDeleteUser(java.lang.String)[pri:3, instance:api.test.DDT_Test@10e31a9a]" started-at="2024-11-18T16:22:18 IST" name="testDeleteUser" data-provider="UserNames" finished-at="2024-11-18T16:22:20 IST" duration-ms="1270" status="PASS">
          <params>
            <param index="0">
              <value>
                <![CDATA[alex_brown]]>
              </value>
            </param>
          </params>
          <reporter-output>
          </reporter-output>
        </test-method> <!-- testDeleteUser -->
        <test-method signature="testDeleteUser(java.lang.String)[pri:3, instance:api.test.DDT_Test@10e31a9a]" started-at="2024-11-18T16:22:20 IST" name="testDeleteUser" data-provider="UserNames" finished-at="2024-11-18T16:22:21 IST" duration-ms="1227" status="PASS">
          <params>
            <param index="0">
              <value>
                <![CDATA[lisa_white]]>
              </value>
            </param>
          </params>
          <reporter-output>
          </reporter-output>
        </test-method> <!-- testDeleteUser -->
        <test-method signature="testDeleteUser(java.lang.String)[pri:3, instance:api.test.DDT_Test@10e31a9a]" started-at="2024-11-18T16:22:21 IST" name="testDeleteUser" data-provider="UserNames" finished-at="2024-11-18T16:22:22 IST" duration-ms="1200" status="PASS">
          <params>
            <param index="0">
              <value>
                <![CDATA[mark_black]]>
              </value>
            </param>
          </params>
          <reporter-output>
          </reporter-output>
        </test-method> <!-- testDeleteUser -->
      </class> <!-- api.test.DDT_Test -->
      <class name="api.test.UserTest2">
        <test-method is-config="true" signature="setup()[pri:0, instance:api.test.UserTest2@3febb011]" started-at="2024-11-18T16:21:55 IST" name="setup" finished-at="2024-11-18T16:21:55 IST" duration-ms="57" status="PASS">
          <reporter-output>
          </reporter-output>
        </test-method> <!-- setup -->
        <test-method signature="testPostUser()[pri:1, instance:api.test.UserTest2@3febb011]" started-at="2024-11-18T16:21:55 IST" name="testPostUser" finished-at="2024-11-18T16:21:57 IST" duration-ms="1142" status="PASS">
          <reporter-output>
          </reporter-output>
        </test-method> <!-- testPostUser -->
        <test-method signature="testGetUserByName()[pri:2, instance:api.test.UserTest2@3febb011]" started-at="2024-11-18T16:21:57 IST" name="testGetUserByName" finished-at="2024-11-18T16:21:58 IST" duration-ms="1194" status="PASS">
          <reporter-output>
          </reporter-output>
        </test-method> <!-- testGetUserByName -->
        <test-method signature="testUpdateUserByName()[pri:3, instance:api.test.UserTest2@3febb011]" started-at="2024-11-18T16:21:58 IST" name="testUpdateUserByName" finished-at="2024-11-18T16:22:00 IST" duration-ms="2409" status="PASS">
          <reporter-output>
          </reporter-output>
        </test-method> <!-- testUpdateUserByName -->
        <test-method signature="testDeleteUserByName()[pri:4, instance:api.test.UserTest2@3febb011]" started-at="2024-11-18T16:22:00 IST" name="testDeleteUserByName" finished-at="2024-11-18T16:22:01 IST" duration-ms="1136" status="PASS">
          <reporter-output>
          </reporter-output>
        </test-method> <!-- testDeleteUserByName -->
      </class> <!-- api.test.UserTest2 -->
    </test> <!-- PetTest -->
  </suite> <!-- PetSuit -->
</testng-results>
