<?xml version="1.0" encoding="UTF-8"?>
<testsuite xmlns:xsi="http://www.w3.org/2001/XMLSchema-instance" xsi:noNamespaceSchemaLocation="https://maven.apache.org/surefire/maven-surefire-plugin/xsd/surefire-test-report-3.0.xsd" version="3.0" name="TestSuite" time="40.2" tests="23" errors="0" skipped="0" failures="0">
  <properties>
[...]
</properties>
  <testcase name="testPostUser" classname="api.test.UserTest" time="4.996">
    <system-out><![CDATA[HTTP/1.1 200 OK
Date: Mon, 18 Nov 2024 10:51:50 GMT
Content-Type: application/json
Transfer-Encoding: chunked
Connection: keep-alive
Access-Control-Allow-Origin: *
Access-Control-Allow-Methods: GET, POST, DELETE, PUT
Access-Control-Allow-Headers: Content-Type, api_key, Authorization
Server: Jetty(9.2.9.v20150224)

{
    "code": 200,
    "type": "unknown",
    "message": "1482246673"
}
]]></system-out>
    <system-err><![CDATA[SLF4J(W): No SLF4J providers were found.
SLF4J(W): Defaulting to no-operation (NOP) logger implementation
SLF4J(W): See https://www.slf4j.org/codes.html#noProviders for further details.
SLF4J(W): Class path contains SLF4J bindings targeting slf4j-api versions 1.7.x or earlier.
SLF4J(W): Ignoring binding found at [jar:file:/C:/Users/Inspiron/.m2/repository/org/apache/logging/log4j/log4j-slf4j-impl/2.22.0/log4j-slf4j-impl-2.22.0.jar!/org/slf4j/impl/StaticLoggerBinder.class]
SLF4J(W): See https://www.slf4j.org/codes.html#ignoredBindings for an explanation.
]]></system-err>
  </testcase>
  <testcase name="testGetUserByName" classname="api.test.UserTest" time="1.186">
    <system-out><![CDATA[HTTP/1.1 200 OK
Date: Mon, 18 Nov 2024 10:51:51 GMT
Content-Type: application/json
Transfer-Encoding: chunked
Connection: keep-alive
Access-Control-Allow-Origin: *
Access-Control-Allow-Methods: GET, POST, DELETE, PUT
Access-Control-Allow-Headers: Content-Type, api_key, Authorization
Server: Jetty(9.2.9.v20150224)

{
    "id": 1482246673,
    "username": "carmelo.bauch",
    "firstName": "Caleb",
    "lastName": "Cremin",
    "email": "cinda.thiel@example.com",
    "password": "8iuhqczjk",
    "phone": "103.864.3697",
    "userStatus": 0
}
]]></system-out>
  </testcase>
  <testcase name="testUpdateUserByName" classname="api.test.UserTest" time="2.242">
    <system-out><![CDATA[{
    "code": 200,
    "type": "unknown",
    "message": "1482246673"
}
{
    "id": 1482246673,
    "username": "carmelo.bauch",
    "firstName": "Dorinda",
    "lastName": "Will",
    "email": "karan.schimmel@example.com",
    "password": "8iuhqczjk",
    "phone": "103.864.3697",
    "userStatus": 0
}
]]></system-out>
  </testcase>
  <testcase name="testDeleteUserByName" classname="api.test.UserTest" time="1.321"/>
  <testcase name="testPostUser" classname="api.test.UserTest2" time="1.147">
    <system-out><![CDATA[HTTP/1.1 200 OK
Date: Mon, 18 Nov 2024 10:51:56 GMT
Content-Type: application/json
Transfer-Encoding: chunked
Connection: keep-alive
Access-Control-Allow-Origin: *
Access-Control-Allow-Methods: GET, POST, DELETE, PUT
Access-Control-Allow-Headers: Content-Type, api_key, Authorization
Server: Jetty(9.2.9.v20150224)

{
    "code": 200,
    "type": "unknown",
    "message": "291143249"
}
]]></system-out>
  </testcase>
  <testcase name="testGetUserByName" classname="api.test.UserTest2" time="1.2">
    <system-out><![CDATA[HTTP/1.1 200 OK
Date: Mon, 18 Nov 2024 10:51:57 GMT
Content-Type: application/json
Transfer-Encoding: chunked
Connection: keep-alive
Access-Control-Allow-Origin: *
Access-Control-Allow-Methods: GET, POST, DELETE, PUT
Access-Control-Allow-Headers: Content-Type, api_key, Authorization
Server: Jetty(9.2.9.v20150224)

{
    "id": 291143249,
    "username": "asa.donnelly",
    "firstName": "Shona",
    "lastName": "Hettinger",
    "email": "tasia.langworth@example.com",
    "password": "7sr98wz1a",
    "phone": "722.483.6797",
    "userStatus": 0
}
]]></system-out>
  </testcase>
  <testcase name="testUpdateUserByName" classname="api.test.UserTest2" time="2.404">
    <system-out><![CDATA[{
    "code": 200,
    "type": "unknown",
    "message": "291143249"
}
{
    "id": 291143249,
    "username": "asa.donnelly",
    "firstName": "Diego",
    "lastName": "Padberg",
    "email": "tamala.brakus@example.com",
    "password": "7sr98wz1a",
    "phone": "722.483.6797",
    "userStatus": 0
}
]]></system-out>
  </testcase>
  <testcase name="testDeleteUserByName" classname="api.test.UserTest2" time="1.134"/>
  <testcase name="testPostUser[101, john_doe, John, Doe, john.doe@example.com, password123, 123-456-7890](1)" classname="api.test.DDT_Test" time="1.159"/>
  <testcase name="testPostUser[102, jane_smith, Jane, Smith, jane.smith@example.com, securePass!, 234-567-8901](2)" classname="api.test.DDT_Test" time="1.192"/>
  <testcase name="testPostUser[103, alex_brown, Alex, Brown, alex.brown@example.com, alex@2023, 345-678-9012](3)" classname="api.test.DDT_Test" time="1.139"/>
  <testcase name="testPostUser[104, lisa_white, Lisa, White, lisa.white@example.com, lisa#pass, 456-789-0123](4)" classname="api.test.DDT_Test" time="1.141"/>
  <testcase name="testPostUser[105, mark_black, Mark, Black, mark.black@example.com, mark_black12, 567-890-1234](5)" classname="api.test.DDT_Test" time="1.18"/>
  <testcase name="testGetUser[john_doe](1)" classname="api.test.DDT_Test" time="1.18">
    <system-out><![CDATA[HTTP/1.1 200 OK
Date: Mon, 18 Nov 2024 10:52:11 GMT
Content-Type: application/json
Transfer-Encoding: chunked
Connection: keep-alive
Access-Control-Allow-Origin: *
Access-Control-Allow-Methods: GET, POST, DELETE, PUT
Access-Control-Allow-Headers: Content-Type, api_key, Authorization
Server: Jetty(9.2.9.v20150224)

{
    "id": 101,
    "username": "john_doe",
    "firstName": "John",
    "lastName": "Doe",
    "email": "john.doe@example.com",
    "password": "password123",
    "phone": "123-456-7890",
    "userStatus": 0
}
]]></system-out>
  </testcase>
  <testcase name="testGetUser[jane_smith](2)" classname="api.test.DDT_Test" time="1.245">
    <system-out><![CDATA[HTTP/1.1 200 OK
Date: Mon, 18 Nov 2024 10:52:12 GMT
Content-Type: application/json
Transfer-Encoding: chunked
Connection: keep-alive
Access-Control-Allow-Origin: *
Access-Control-Allow-Methods: GET, POST, DELETE, PUT
Access-Control-Allow-Headers: Content-Type, api_key, Authorization
Server: Jetty(9.2.9.v20150224)

{
    "id": 102,
    "username": "jane_smith",
    "firstName": "Jane",
    "lastName": "Smith",
    "email": "jane.smith@example.com",
    "password": "securePass!",
    "phone": "234-567-8901",
    "userStatus": 0
}
]]></system-out>
  </testcase>
  <testcase name="testGetUser[alex_brown](3)" classname="api.test.DDT_Test" time="1.14">
    <system-out><![CDATA[HTTP/1.1 200 OK
Date: Mon, 18 Nov 2024 10:52:13 GMT
Content-Type: application/json
Transfer-Encoding: chunked
Connection: keep-alive
Access-Control-Allow-Origin: *
Access-Control-Allow-Methods: GET, POST, DELETE, PUT
Access-Control-Allow-Headers: Content-Type, api_key, Authorization
Server: Jetty(9.2.9.v20150224)

{
    "id": 103,
    "username": "alex_brown",
    "firstName": "Alex",
    "lastName": "Brown",
    "email": "alex.brown@example.com",
    "password": "alex@2023",
    "phone": "345-678-9012",
    "userStatus": 0
}
]]></system-out>
  </testcase>
  <testcase name="testGetUser[lisa_white](4)" classname="api.test.DDT_Test" time="1.157">
    <system-out><![CDATA[HTTP/1.1 200 OK
Date: Mon, 18 Nov 2024 10:52:14 GMT
Content-Type: application/json
Transfer-Encoding: chunked
Connection: keep-alive
Access-Control-Allow-Origin: *
Access-Control-Allow-Methods: GET, POST, DELETE, PUT
Access-Control-Allow-Headers: Content-Type, api_key, Authorization
Server: Jetty(9.2.9.v20150224)

{
    "id": 104,
    "username": "lisa_white",
    "firstName": "Lisa",
    "lastName": "White",
    "email": "lisa.white@example.com",
    "password": "lisa#pass",
    "phone": "456-789-0123",
    "userStatus": 0
}
]]></system-out>
  </testcase>
  <testcase name="testGetUser[mark_black](5)" classname="api.test.DDT_Test" time="1.215">
    <system-out><![CDATA[HTTP/1.1 200 OK
Date: Mon, 18 Nov 2024 10:52:15 GMT
Content-Type: application/json
Transfer-Encoding: chunked
Connection: keep-alive
Access-Control-Allow-Origin: *
Access-Control-Allow-Methods: GET, POST, DELETE, PUT
Access-Control-Allow-Headers: Content-Type, api_key, Authorization
Server: Jetty(9.2.9.v20150224)

{
    "id": 105,
    "username": "mark_black",
    "firstName": "Mark",
    "lastName": "Black",
    "email": "mark.black@example.com",
    "password": "mark_black12",
    "phone": "567-890-1234",
    "userStatus": 0
}
]]></system-out>
  </testcase>
  <testcase name="testDeleteUser[john_doe](1)" classname="api.test.DDT_Test" time="1.249">
    <system-out><![CDATA[HTTP/1.1 200 OK
Date: Mon, 18 Nov 2024 10:52:17 GMT
Content-Type: application/json
Transfer-Encoding: chunked
Connection: keep-alive
Access-Control-Allow-Origin: *
Access-Control-Allow-Methods: GET, POST, DELETE, PUT
Access-Control-Allow-Headers: Content-Type, api_key, Authorization
Server: Jetty(9.2.9.v20150224)

{
    "code": 200,
    "type": "unknown",
    "message": "john_doe"
}
]]></system-out>
  </testcase>
  <testcase name="testDeleteUser[jane_smith](2)" classname="api.test.DDT_Test" time="1.133">
    <system-out><![CDATA[HTTP/1.1 200 OK
Date: Mon, 18 Nov 2024 10:52:18 GMT
Content-Type: application/json
Transfer-Encoding: chunked
Connection: keep-alive
Access-Control-Allow-Origin: *
Access-Control-Allow-Methods: GET, POST, DELETE, PUT
Access-Control-Allow-Headers: Content-Type, api_key, Authorization
Server: Jetty(9.2.9.v20150224)

{
    "code": 200,
    "type": "unknown",
    "message": "jane_smith"
}
]]></system-out>
  </testcase>
  <testcase name="testDeleteUser[alex_brown](3)" classname="api.test.DDT_Test" time="1.269">
    <system-out><![CDATA[HTTP/1.1 200 OK
Date: Mon, 18 Nov 2024 10:52:19 GMT
Content-Type: application/json
Transfer-Encoding: chunked
Connection: keep-alive
Access-Control-Allow-Origin: *
Access-Control-Allow-Methods: GET, POST, DELETE, PUT
Access-Control-Allow-Headers: Content-Type, api_key, Authorization
Server: Jetty(9.2.9.v20150224)

{
    "code": 200,
    "type": "unknown",
    "message": "alex_brown"
}
]]></system-out>
  </testcase>
  <testcase name="testDeleteUser[lisa_white](4)" classname="api.test.DDT_Test" time="1.231">
    <system-out><![CDATA[HTTP/1.1 200 OK
Date: Mon, 18 Nov 2024 10:52:20 GMT
Content-Type: application/json
Transfer-Encoding: chunked
Connection: keep-alive
Access-Control-Allow-Origin: *
Access-Control-Allow-Methods: GET, POST, DELETE, PUT
Access-Control-Allow-Headers: Content-Type, api_key, Authorization
Server: Jetty(9.2.9.v20150224)

{
    "code": 200,
    "type": "unknown",
    "message": "lisa_white"
}
]]></system-out>
  </testcase>
  <testcase name="testDeleteUser[mark_black](5)" classname="api.test.DDT_Test" time="1.197">
    <system-out><![CDATA[HTTP/1.1 200 OK
Date: Mon, 18 Nov 2024 10:52:22 GMT
Content-Type: application/json
Transfer-Encoding: chunked
Connection: keep-alive
Access-Control-Allow-Origin: *
Access-Control-Allow-Methods: GET, POST, DELETE, PUT
Access-Control-Allow-Headers: Content-Type, api_key, Authorization
Server: Jetty(9.2.9.v20150224)

{
    "code": 200,
    "type": "unknown",
    "message": "mark_black"
}
]]></system-out>
  </testcase>
</testsuite>