<?xml version="1.0" encoding="UTF-8"?>
<!-- Generated by org.testng.reporters.JUnitXMLReporter -->
<testsuite ignored="0" hostname="DESKTOP-HPG8DBN" failures="0" tests="23" name="PetTest" time="38.443" errors="0" timestamp="2024-11-18T16:22:23 IST">
  <testcase classname="api.test.UserTest" name="testPostUser" time="4.978"/>
  <testcase classname="api.test.UserTest" name="testGetUserByName" time="1.182"/>
  <testcase classname="api.test.UserTest" name="testUpdateUserByName" time="2.241"/>
  <testcase classname="api.test.UserTest" name="testDeleteUserByName" time="1.326"/>
  <testcase classname="api.test.UserTest2" name="testPostUser" time="1.142"/>
  <testcase classname="api.test.UserTest2" name="testGetUserByName" time="1.194"/>
  <testcase classname="api.test.UserTest2" name="testUpdateUserByName" time="2.409"/>
  <testcase classname="api.test.UserTest2" name="testDeleteUserByName" time="1.136"/>
  <testcase classname="api.test.DDT_Test" name="testPostUser" time="1.159"/>
  <testcase classname="api.test.DDT_Test" name="testPostUser" time="1.192"/>
  <testcase classname="api.test.DDT_Test" name="testPostUser" time="1.137"/>
  <testcase classname="api.test.DDT_Test" name="testPostUser" time="1.141"/>
  <testcase classname="api.test.DDT_Test" name="testPostUser" time="1.179"/>
  <testcase classname="api.test.DDT_Test" name="testGetUser" time="1.169"/>
  <testcase classname="api.test.DDT_Test" name="testGetUser" time="1.247"/>
  <testcase classname="api.test.DDT_Test" name="testGetUser" time="1.137"/>
  <testcase classname="api.test.DDT_Test" name="testGetUser" time="1.154"/>
  <testcase classname="api.test.DDT_Test" name="testGetUser" time="1.219"/>
  <testcase classname="api.test.DDT_Test" name="testDeleteUser" time="1.232"/>
  <testcase classname="api.test.DDT_Test" name="testDeleteUser" time="1.142"/>
  <testcase classname="api.test.DDT_Test" name="testDeleteUser" time="1.27"/>
  <testcase classname="api.test.DDT_Test" name="testDeleteUser" time="1.227"/>
  <testcase classname="api.test.DDT_Test" name="testDeleteUser" time="1.2"/>
</testsuite> <!-- PetTest -->
