<?xml version="1.0" encoding="UTF-8"?>
<!-- Generated by org.testng.reporters.JUnitXMLReporter -->
<testsuite ignored="0" hostname="DESKTOP-HPG8DBN" failures="0" tests="23" name="PetTest" time="37.56" errors="0" timestamp="2024-11-18T20:26:22 IST">
  <testcase classname="api.test.UserTest" name="testPostUser" time="4.951"/>
  <testcase classname="api.test.UserTest" name="testGetUserByName" time="1.252"/>
  <testcase classname="api.test.UserTest" name="testUpdateUserByName" time="2.358"/>
  <testcase classname="api.test.UserTest" name="testDeleteUserByName" time="1.117"/>
  <testcase classname="api.test.UserTest2" name="testPostUser" time="1.119"/>
  <testcase classname="api.test.UserTest2" name="testGetUserByName" time="1.2"/>
  <testcase classname="api.test.UserTest2" name="testUpdateUserByName" time="2.333"/>
  <testcase classname="api.test.UserTest2" name="testDeleteUserByName" time="1.102"/>
  <testcase classname="api.test.DDT_Test" name="testPostUser" time="1.209"/>
  <testcase classname="api.test.DDT_Test" name="testPostUser" time="1.147"/>
  <testcase classname="api.test.DDT_Test" name="testPostUser" time="1.247"/>
  <testcase classname="api.test.DDT_Test" name="testPostUser" time="1.327"/>
  <testcase classname="api.test.DDT_Test" name="testPostUser" time="1.17"/>
  <testcase classname="api.test.DDT_Test" name="testGetUser" time="1.121"/>
  <testcase classname="api.test.DDT_Test" name="testGetUser" time="1.206"/>
  <testcase classname="api.test.DDT_Test" name="testGetUser" time="1.167"/>
  <testcase classname="api.test.DDT_Test" name="testGetUser" time="1.13"/>
  <testcase classname="api.test.DDT_Test" name="testGetUser" time="1.146"/>
  <testcase classname="api.test.DDT_Test" name="testDeleteUser" time="1.162"/>
  <testcase classname="api.test.DDT_Test" name="testDeleteUser" time="1.128"/>
  <testcase classname="api.test.DDT_Test" name="testDeleteUser" time="1.125"/>
  <testcase classname="api.test.DDT_Test" name="testDeleteUser" time="1.201"/>
  <testcase classname="api.test.DDT_Test" name="testDeleteUser" time="1.162"/>
</testsuite> <!-- PetTest -->
