<?xml version="1.0" encoding="UTF-8"?>
<testng-results ignored="0" total="4" passed="4" failed="0" skipped="0">
  <reporter-output>
  </reporter-output>
  <suite started-at="2024-11-17T12:13:02 IST" name="Default suite" finished-at="2024-11-17T12:13:14 IST" duration-ms="11581">
    <groups>
    </groups>
    <test started-at="2024-11-17T12:13:02 IST" name="Default test" finished-at="2024-11-17T12:13:14 IST" duration-ms="11581">
      <class name="api.test.UserTest">
        <test-method is-config="true" signature="setupdata()[pri:0, instance:api.test.UserTest@45c7e403]" started-at="2024-11-17T12:13:02 IST" name="setupdata" finished-at="2024-11-17T12:13:02 IST" duration-ms="368" status="PASS">
          <reporter-output>
          </reporter-output>
        </test-method> <!-- setupdata -->
        <test-method signature="testPostUser()[pri:1, instance:api.test.UserTest@45c7e403]" started-at="2024-11-17T12:13:02 IST" name="testPostUser" finished-at="2024-11-17T12:13:09 IST" duration-ms="6339" status="PASS">
          <reporter-output>
          </reporter-output>
        </test-method> <!-- testPostUser -->
        <test-method signature="testGetUserByName()[pri:2, instance:api.test.UserTest@45c7e403]" started-at="2024-11-17T12:13:09 IST" name="testGetUserByName" finished-at="2024-11-17T12:13:10 IST" duration-ms="1213" status="PASS">
          <reporter-output>
          </reporter-output>
        </test-method> <!-- testGetUserByName -->
        <test-method signature="testUpdateUserByName()[pri:3, instance:api.test.UserTest@45c7e403]" started-at="2024-11-17T12:13:10 IST" name="testUpdateUserByName" finished-at="2024-11-17T12:13:12 IST" duration-ms="2342" status="PASS">
          <reporter-output>
          </reporter-output>
        </test-method> <!-- testUpdateUserByName -->
        <test-method signature="testDeleteUserByName()[pri:4, instance:api.test.UserTest@45c7e403]" started-at="2024-11-17T12:13:12 IST" name="testDeleteUserByName" finished-at="2024-11-17T12:13:14 IST" duration-ms="1221" status="PASS">
          <reporter-output>
          </reporter-output>
        </test-method> <!-- testDeleteUserByName -->
      </class> <!-- api.test.UserTest -->
    </test> <!-- Default test -->
  </suite> <!-- Default suite -->
</testng-results>
