<?xml version="1.0" encoding="UTF-8"?>
<testng-results ignored="0" total="10" passed="10" failed="0" skipped="0">
  <reporter-output>
  </reporter-output>
  <suite started-at="2024-11-17T18:00:11 IST" name="Default suite" finished-at="2024-11-17T18:00:29 IST" duration-ms="18587">
    <groups>
    </groups>
    <test started-at="2024-11-17T18:00:11 IST" name="Default test" finished-at="2024-11-17T18:00:29 IST" duration-ms="18587">
      <class name="api.test.DDT_Test">
        <test-method signature="testDeleteUserByNmae(java.lang.String)[pri:1, instance:api.test.DDT_Test@4c12331b]" started-at="2024-11-17T18:00:13 IST" name="testDeleteUserByNmae" data-provider="UserNmaes" finished-at="2024-11-17T18:00:17 IST" duration-ms="3803" status="PASS">
          <params>
            <param index="0">
              <value>
                <![CDATA[john_doe]]>
              </value>
            </param>
          </params>
          <reporter-output>
          </reporter-output>
        </test-method> <!-- testDeleteUserByNmae -->
        <test-method signature="testDeleteUserByNmae(java.lang.String)[pri:1, instance:api.test.DDT_Test@4c12331b]" started-at="2024-11-17T18:00:17 IST" name="testDeleteUserByNmae" data-provider="UserNmaes" finished-at="2024-11-17T18:00:18 IST" duration-ms="1234" status="PASS">
          <params>
            <param index="0">
              <value>
                <![CDATA[jane_smith]]>
              </value>
            </param>
          </params>
          <reporter-output>
          </reporter-output>
        </test-method> <!-- testDeleteUserByNmae -->
        <test-method signature="testDeleteUserByNmae(java.lang.String)[pri:1, instance:api.test.DDT_Test@4c12331b]" started-at="2024-11-17T18:00:18 IST" name="testDeleteUserByNmae" data-provider="UserNmaes" finished-at="2024-11-17T18:00:20 IST" duration-ms="1176" status="PASS">
          <params>
            <param index="0">
              <value>
                <![CDATA[alex_brown]]>
              </value>
            </param>
          </params>
          <reporter-output>
          </reporter-output>
        </test-method> <!-- testDeleteUserByNmae -->
        <test-method signature="testDeleteUserByNmae(java.lang.String)[pri:1, instance:api.test.DDT_Test@4c12331b]" started-at="2024-11-17T18:00:20 IST" name="testDeleteUserByNmae" data-provider="UserNmaes" finished-at="2024-11-17T18:00:21 IST" duration-ms="1190" status="PASS">
          <params>
            <param index="0">
              <value>
                <![CDATA[lisa_white]]>
              </value>
            </param>
          </params>
          <reporter-output>
          </reporter-output>
        </test-method> <!-- testDeleteUserByNmae -->
        <test-method signature="testDeleteUserByNmae(java.lang.String)[pri:1, instance:api.test.DDT_Test@4c12331b]" started-at="2024-11-17T18:00:21 IST" name="testDeleteUserByNmae" data-provider="UserNmaes" finished-at="2024-11-17T18:00:22 IST" duration-ms="1186" status="PASS">
          <params>
            <param index="0">
              <value>
                <![CDATA[mark_black]]>
              </value>
            </param>
          </params>
          <reporter-output>
          </reporter-output>
        </test-method> <!-- testDeleteUserByNmae -->
        <test-method signature="testPostUser(java.lang.String,java.lang.String,java.lang.String,java.lang.String,java.lang.String,java.lang.String,java.lang.String)[pri:1, instance:api.test.DDT_Test@4c12331b]" started-at="2024-11-17T18:00:23 IST" name="testPostUser" data-provider="Data" finished-at="2024-11-17T18:00:25 IST" duration-ms="1630" status="PASS">
          <params>
            <param index="0">
              <value>
                <![CDATA[101]]>
              </value>
            </param>
            <param index="1">
              <value>
                <![CDATA[john_doe]]>
              </value>
            </param>
            <param index="2">
              <value>
                <![CDATA[John]]>
              </value>
            </param>
            <param index="3">
              <value>
                <![CDATA[Doe]]>
              </value>
            </param>
            <param index="4">
              <value>
                <![CDATA[john.doe@example.com]]>
              </value>
            </param>
            <param index="5">
              <value>
                <![CDATA[password123]]>
              </value>
            </param>
            <param index="6">
              <value>
                <![CDATA[123-456-7890]]>
              </value>
            </param>
          </params>
          <reporter-output>
          </reporter-output>
        </test-method> <!-- testPostUser -->
        <test-method signature="testPostUser(java.lang.String,java.lang.String,java.lang.String,java.lang.String,java.lang.String,java.lang.String,java.lang.String)[pri:1, instance:api.test.DDT_Test@4c12331b]" started-at="2024-11-17T18:00:25 IST" name="testPostUser" data-provider="Data" finished-at="2024-11-17T18:00:26 IST" duration-ms="1157" status="PASS">
          <params>
            <param index="0">
              <value>
                <![CDATA[102]]>
              </value>
            </param>
            <param index="1">
              <value>
                <![CDATA[jane_smith]]>
              </value>
            </param>
            <param index="2">
              <value>
                <![CDATA[Jane]]>
              </value>
            </param>
            <param index="3">
              <value>
                <![CDATA[Smith]]>
              </value>
            </param>
            <param index="4">
              <value>
                <![CDATA[jane.smith@example.com]]>
              </value>
            </param>
            <param index="5">
              <value>
                <![CDATA[securePass!]]>
              </value>
            </param>
            <param index="6">
              <value>
                <![CDATA[234-567-8901]]>
              </value>
            </param>
          </params>
          <reporter-output>
          </reporter-output>
        </test-method> <!-- testPostUser -->
        <test-method signature="testPostUser(java.lang.String,java.lang.String,java.lang.String,java.lang.String,java.lang.String,java.lang.String,java.lang.String)[pri:1, instance:api.test.DDT_Test@4c12331b]" started-at="2024-11-17T18:00:26 IST" name="testPostUser" data-provider="Data" finished-at="2024-11-17T18:00:27 IST" duration-ms="1161" status="PASS">
          <params>
            <param index="0">
              <value>
                <![CDATA[103]]>
              </value>
            </param>
            <param index="1">
              <value>
                <![CDATA[alex_brown]]>
              </value>
            </param>
            <param index="2">
              <value>
                <![CDATA[Alex]]>
              </value>
            </param>
            <param index="3">
              <value>
                <![CDATA[Brown]]>
              </value>
            </param>
            <param index="4">
              <value>
                <![CDATA[alex.brown@example.com]]>
              </value>
            </param>
            <param index="5">
              <value>
                <![CDATA[alex@2023]]>
              </value>
            </param>
            <param index="6">
              <value>
                <![CDATA[345-678-9012]]>
              </value>
            </param>
          </params>
          <reporter-output>
          </reporter-output>
        </test-method> <!-- testPostUser -->
        <test-method signature="testPostUser(java.lang.String,java.lang.String,java.lang.String,java.lang.String,java.lang.String,java.lang.String,java.lang.String)[pri:1, instance:api.test.DDT_Test@4c12331b]" started-at="2024-11-17T18:00:27 IST" name="testPostUser" data-provider="Data" finished-at="2024-11-17T18:00:28 IST" duration-ms="1130" status="PASS">
          <params>
            <param index="0">
              <value>
                <![CDATA[104]]>
              </value>
            </param>
            <param index="1">
              <value>
                <![CDATA[lisa_white]]>
              </value>
            </param>
            <param index="2">
              <value>
                <![CDATA[Lisa]]>
              </value>
            </param>
            <param index="3">
              <value>
                <![CDATA[White]]>
              </value>
            </param>
            <param index="4">
              <value>
                <![CDATA[lisa.white@example.com]]>
              </value>
            </param>
            <param index="5">
              <value>
                <![CDATA[lisa#pass]]>
              </value>
            </param>
            <param index="6">
              <value>
                <![CDATA[456-789-0123]]>
              </value>
            </param>
          </params>
          <reporter-output>
          </reporter-output>
        </test-method> <!-- testPostUser -->
        <test-method signature="testPostUser(java.lang.String,java.lang.String,java.lang.String,java.lang.String,java.lang.String,java.lang.String,java.lang.String)[pri:1, instance:api.test.DDT_Test@4c12331b]" started-at="2024-11-17T18:00:28 IST" name="testPostUser" data-provider="Data" finished-at="2024-11-17T18:00:29 IST" duration-ms="1110" status="PASS">
          <params>
            <param index="0">
              <value>
                <![CDATA[105]]>
              </value>
            </param>
            <param index="1">
              <value>
                <![CDATA[mark_black]]>
              </value>
            </param>
            <param index="2">
              <value>
                <![CDATA[Mark]]>
              </value>
            </param>
            <param index="3">
              <value>
                <![CDATA[Black]]>
              </value>
            </param>
            <param index="4">
              <value>
                <![CDATA[mark.black@example.com]]>
              </value>
            </param>
            <param index="5">
              <value>
                <![CDATA[mark_black12]]>
              </value>
            </param>
            <param index="6">
              <value>
                <![CDATA[567-890-1234]]>
              </value>
            </param>
          </params>
          <reporter-output>
          </reporter-output>
        </test-method> <!-- testPostUser -->
      </class> <!-- api.test.DDT_Test -->
    </test> <!-- Default test -->
  </suite> <!-- Default suite -->
</testng-results>
